2020-01-22 10:14:23.087  INFO 6160 --- [restartedMain] z.b.c.czmblog.CzmblogApplication         : Starting CzmblogApplication on DESKTOP-91VJTP6 with PID 6160 (D:\czmblog\target\classes started by 则蒙 in D:\czmblog)
2020-01-22 10:14:23.088  INFO 6160 --- [restartedMain] z.b.c.czmblog.CzmblogApplication         : No active profile set, falling back to default profiles: default
2020-01-22 10:14:23.318  WARN 6160 --- [restartedMain] org.apache.tomcat.util.modeler.Registry  : The MBean registry cannot be disabled because it has already been initialised
2020-01-22 10:14:23.379  INFO 6160 --- [restartedMain] o.s.b.w.embedded.tomcat.TomcatWebServer  : Tomcat initialized with port(s): 8080 (http)
2020-01-22 10:14:23.379  INFO 6160 --- [restartedMain] o.apache.catalina.core.StandardService   : Starting service [Tomcat]
2020-01-22 10:14:23.381  INFO 6160 --- [restartedMain] org.apache.catalina.core.StandardEngine  : Starting Servlet engine: [Apache Tomcat/9.0.27]
2020-01-22 10:14:23.381  INFO 6160 --- [restartedMain] o.a.catalina.core.AprLifecycleListener   : An older version [1.2.21] of the APR based Apache Tomcat Native library is installed, while Tomcat recommends a minimum version of [1.2.23]
2020-01-22 10:14:23.381  INFO 6160 --- [restartedMain] o.a.catalina.core.AprLifecycleListener   : Loaded APR based Apache Tomcat Native library [1.2.21] using APR version [1.6.5].
2020-01-22 10:14:23.381  INFO 6160 --- [restartedMain] o.a.catalina.core.AprLifecycleListener   : APR capabilities: IPv6 [true], sendfile [true], accept filters [false], random [true].
2020-01-22 10:14:23.381  INFO 6160 --- [restartedMain] o.a.catalina.core.AprLifecycleListener   : APR/OpenSSL configuration: useAprConnector [false], useOpenSSL [true]
2020-01-22 10:14:23.381  INFO 6160 --- [restartedMain] o.a.catalina.core.AprLifecycleListener   : OpenSSL successfully initialized [OpenSSL 1.1.1a  20 Nov 2018]
2020-01-22 10:14:23.412  INFO 6160 --- [restartedMain] o.a.c.c.C.[Tomcat].[localhost].[/]       : Initializing Spring embedded WebApplicationContext
2020-01-22 10:14:23.412  INFO 6160 --- [restartedMain] o.s.web.context.ContextLoader            : Root WebApplicationContext: initialization completed in 321 ms
2020-01-22 10:14:23.423  INFO 6160 --- [restartedMain] com.zaxxer.hikari.HikariDataSource       : HikariPool-2 - Starting...
2020-01-22 10:14:23.433  INFO 6160 --- [restartedMain] com.zaxxer.hikari.HikariDataSource       : HikariPool-2 - Start completed.
2020-01-22 10:14:23.434  INFO 6160 --- [restartedMain] o.s.b.a.h2.H2ConsoleAutoConfiguration    : H2 console available at '/h2-console'. Database available at 'jdbc:h2:~/czmblog'
2020-01-22 10:14:23.574  INFO 6160 --- [restartedMain] o.s.s.concurrent.ThreadPoolTaskExecutor  : Initializing ExecutorService 'applicationTaskExecutor'
2020-01-22 10:14:23.588  INFO 6160 --- [restartedMain] o.s.b.a.w.s.WelcomePageHandlerMapping    : Adding welcome page template: index
2020-01-22 10:14:23.780  INFO 6160 --- [restartedMain] o.s.b.d.a.OptionalLiveReloadServer       : LiveReload server is running on port 35729
2020-01-22 10:14:23.794  INFO 6160 --- [restartedMain] o.s.b.w.embedded.tomcat.TomcatWebServer  : Tomcat started on port(s): 8080 (http) with context path ''
2020-01-22 10:14:23.795  INFO 6160 --- [restartedMain] z.b.c.czmblog.CzmblogApplication         : Started CzmblogApplication in 0.746 seconds (JVM running for 339.373)
2020-01-22 10:14:23.796  INFO 6160 --- [restartedMain] .ConditionEvaluationDeltaLoggingListener : Condition evaluation unchanged
2020-01-22 10:14:38.140  INFO 1264 --- [restartedMain] z.b.c.czmblog.CzmblogApplication         : Starting CzmblogApplication on DESKTOP-91VJTP6 with PID 1264 (D:\czmblog\target\classes started by 则蒙 in D:\czmblog)
2020-01-22 10:14:38.143  INFO 1264 --- [restartedMain] z.b.c.czmblog.CzmblogApplication         : No active profile set, falling back to default profiles: default
2020-01-22 10:14:38.189  INFO 1264 --- [restartedMain] .e.DevToolsPropertyDefaultsPostProcessor : Devtools property defaults active! Set 'spring.devtools.add-properties' to 'false' to disable
2020-01-22 10:14:38.189  INFO 1264 --- [restartedMain] .e.DevToolsPropertyDefaultsPostProcessor : For additional web related logging consider setting the 'logging.level.web' property to 'DEBUG'
2020-01-22 10:14:39.157  INFO 1264 --- [restartedMain] o.s.b.w.embedded.tomcat.TomcatWebServer  : Tomcat initialized with port(s): 8080 (http)
2020-01-22 10:14:39.165  INFO 1264 --- [restartedMain] o.apache.catalina.core.StandardService   : Starting service [Tomcat]
2020-01-22 10:14:39.165  INFO 1264 --- [restartedMain] org.apache.catalina.core.StandardEngine  : Starting Servlet engine: [Apache Tomcat/9.0.27]
2020-01-22 10:14:39.167  INFO 1264 --- [restartedMain] o.a.catalina.core.AprLifecycleListener   : An older version [1.2.21] of the APR based Apache Tomcat Native library is installed, while Tomcat recommends a minimum version of [1.2.23]
2020-01-22 10:14:39.168  INFO 1264 --- [restartedMain] o.a.catalina.core.AprLifecycleListener   : Loaded APR based Apache Tomcat Native library [1.2.21] using APR version [1.6.5].
2020-01-22 10:14:39.168  INFO 1264 --- [restartedMain] o.a.catalina.core.AprLifecycleListener   : APR capabilities: IPv6 [true], sendfile [true], accept filters [false], random [true].
2020-01-22 10:14:39.168  INFO 1264 --- [restartedMain] o.a.catalina.core.AprLifecycleListener   : APR/OpenSSL configuration: useAprConnector [false], useOpenSSL [true]
2020-01-22 10:14:39.171  INFO 1264 --- [restartedMain] o.a.catalina.core.AprLifecycleListener   : OpenSSL successfully initialized [OpenSSL 1.1.1a  20 Nov 2018]
2020-01-22 10:14:39.252  INFO 1264 --- [restartedMain] o.a.c.c.C.[Tomcat].[localhost].[/]       : Initializing Spring embedded WebApplicationContext
2020-01-22 10:14:39.252  INFO 1264 --- [restartedMain] o.s.web.context.ContextLoader            : Root WebApplicationContext: initialization completed in 1063 ms
2020-01-22 10:14:39.280  INFO 1264 --- [restartedMain] com.zaxxer.hikari.HikariDataSource       : HikariPool-1 - Starting...
2020-01-22 10:14:39.386  INFO 1264 --- [restartedMain] com.zaxxer.hikari.HikariDataSource       : HikariPool-1 - Start completed.
2020-01-22 10:14:39.394  INFO 1264 --- [restartedMain] o.s.b.a.h2.H2ConsoleAutoConfiguration    : H2 console available at '/h2-console'. Database available at 'jdbc:h2:~/czmblog'
2020-01-22 10:14:39.867  INFO 1264 --- [restartedMain] o.s.s.concurrent.ThreadPoolTaskExecutor  : Initializing ExecutorService 'applicationTaskExecutor'
2020-01-22 10:14:39.922  INFO 1264 --- [restartedMain] o.s.b.a.w.s.WelcomePageHandlerMapping    : Adding welcome page template: index
2020-01-22 10:14:40.204  INFO 1264 --- [restartedMain] o.s.b.d.a.OptionalLiveReloadServer       : LiveReload server is running on port 35729
2020-01-22 10:14:40.239  INFO 1264 --- [restartedMain] o.s.b.w.embedded.tomcat.TomcatWebServer  : Tomcat started on port(s): 8080 (http) with context path ''
2020-01-22 10:14:40.241  INFO 1264 --- [restartedMain] z.b.c.czmblog.CzmblogApplication         : Started CzmblogApplication in 2.426 seconds (JVM running for 3.539)
2020-01-22 10:17:13.961  INFO 1264 --- [http-nio-8080-exec-1] o.a.c.c.C.[Tomcat].[localhost].[/]       : Initializing Spring DispatcherServlet 'dispatcherServlet'
2020-01-22 10:17:13.962  INFO 1264 --- [http-nio-8080-exec-1] o.s.web.servlet.DispatcherServlet        : Initializing Servlet 'dispatcherServlet'
2020-01-22 10:17:13.968  INFO 1264 --- [http-nio-8080-exec-1] o.s.web.servlet.DispatcherServlet        : Completed initialization in 6 ms
2020-01-22 10:19:00.678  INFO 1264 --- [Thread-11] o.s.s.concurrent.ThreadPoolTaskExecutor  : Shutting down ExecutorService 'applicationTaskExecutor'
2020-01-22 10:19:00.678  INFO 1264 --- [Thread-11] com.zaxxer.hikari.HikariDataSource       : HikariPool-1 - Shutdown initiated...
2020-01-22 10:19:00.690  INFO 1264 --- [Thread-11] com.zaxxer.hikari.HikariDataSource       : HikariPool-1 - Shutdown completed.
