2020-07-01 20:32:30.998  INFO 14888 --- [restartedMain] z.b.c.czmblog.CzmblogApplication         : Starting CzmblogApplication on DESKTOP-91VJTP6 with PID 14888 (D:\czmblog\target\classes started by 则蒙 in D:\czmblog)
2020-07-01 20:32:31.005  INFO 14888 --- [restartedMain] z.b.c.czmblog.CzmblogApplication         : No active profile set, falling back to default profiles: default
2020-07-01 20:32:31.058  INFO 14888 --- [restartedMain] .e.DevToolsPropertyDefaultsPostProcessor : Devtools property defaults active! Set 'spring.devtools.add-properties' to 'false' to disable
2020-07-01 20:32:31.059  INFO 14888 --- [restartedMain] .e.DevToolsPropertyDefaultsPostProcessor : For additional web related logging consider setting the 'logging.level.web' property to 'DEBUG'
2020-07-01 20:32:32.051  INFO 14888 --- [restartedMain] o.s.b.w.embedded.tomcat.TomcatWebServer  : Tomcat initialized with port(s): 8080 (http)
2020-07-01 20:32:32.059  INFO 14888 --- [restartedMain] o.apache.catalina.core.StandardService   : Starting service [Tomcat]
2020-07-01 20:32:32.059  INFO 14888 --- [restartedMain] org.apache.catalina.core.StandardEngine  : Starting Servlet engine: [Apache Tomcat/9.0.27]
2020-07-01 20:32:32.144  INFO 14888 --- [restartedMain] o.a.c.c.C.[Tomcat].[localhost].[/]       : Initializing Spring embedded WebApplicationContext
2020-07-01 20:32:32.144  INFO 14888 --- [restartedMain] o.s.web.context.ContextLoader            : Root WebApplicationContext: initialization completed in 1085 ms
2020-07-01 20:32:32.181  INFO 14888 --- [restartedMain] com.zaxxer.hikari.HikariDataSource       : HikariPool-1 - Starting...
2020-07-01 20:32:32.315  INFO 14888 --- [restartedMain] com.zaxxer.hikari.HikariDataSource       : HikariPool-1 - Start completed.
2020-07-01 20:32:32.320  INFO 14888 --- [restartedMain] o.s.b.a.h2.H2ConsoleAutoConfiguration    : H2 console available at '/h2-console'. Database available at 'jdbc:h2:~/czmblog'
2020-07-01 20:32:32.783  INFO 14888 --- [restartedMain] o.s.s.concurrent.ThreadPoolTaskExecutor  : Initializing ExecutorService 'applicationTaskExecutor'
2020-07-01 20:32:32.836  INFO 14888 --- [restartedMain] o.s.b.a.w.s.WelcomePageHandlerMapping    : Adding welcome page template: index
2020-07-01 20:32:33.140  INFO 14888 --- [restartedMain] o.s.b.d.a.OptionalLiveReloadServer       : LiveReload server is running on port 35729
2020-07-01 20:32:33.173  INFO 14888 --- [restartedMain] o.s.b.w.embedded.tomcat.TomcatWebServer  : Tomcat started on port(s): 8080 (http) with context path ''
2020-07-01 20:32:33.175  INFO 14888 --- [restartedMain] z.b.c.czmblog.CzmblogApplication         : Started CzmblogApplication in 2.939 seconds (JVM running for 4.561)
2020-07-01 20:32:50.483  INFO 14888 --- [http-nio-8080-exec-1] o.a.c.c.C.[Tomcat].[localhost].[/]       : Initializing Spring DispatcherServlet 'dispatcherServlet'
2020-07-01 20:32:50.484  INFO 14888 --- [http-nio-8080-exec-1] o.s.web.servlet.DispatcherServlet        : Initializing Servlet 'dispatcherServlet'
2020-07-01 20:32:50.489  INFO 14888 --- [http-nio-8080-exec-1] o.s.web.servlet.DispatcherServlet        : Completed initialization in 5 ms
2020-07-01 20:32:50.544 DEBUG 14888 --- [http-nio-8080-exec-1] z.b.c.c.m.Q.countBySearch                : ==>  Preparing: select count(*) from QUESTION 
2020-07-01 20:32:50.558 DEBUG 14888 --- [http-nio-8080-exec-1] z.b.c.c.m.Q.countBySearch                : ==> Parameters: 
2020-07-01 20:32:50.568 DEBUG 14888 --- [http-nio-8080-exec-1] z.b.c.c.m.Q.countBySearch                : <==      Total: 1
2020-07-01 20:32:50.569 DEBUG 14888 --- [http-nio-8080-exec-1] z.b.c.c.m.Q.selectBySearch               : ==>  Preparing: select * from QUESTION order by gmt_create desc limit ?,? 
2020-07-01 20:32:50.571 DEBUG 14888 --- [http-nio-8080-exec-1] z.b.c.c.m.Q.selectBySearch               : ==> Parameters: 0(Integer), 5(Integer)
2020-07-01 20:32:50.579 DEBUG 14888 --- [http-nio-8080-exec-1] z.b.c.c.m.Q.selectBySearch               : <==      Total: 5
2020-07-01 20:32:50.579 DEBUG 14888 --- [http-nio-8080-exec-1] z.b.c.c.m.UserMapper.selectByPrimaryKey  : ==>  Preparing: select ID, ACCOUNT_ID, NAME, TOKEN, GMT_CREATE, GMT_MODIFIED, BIO, AVATAR_URL from USER where ID = ? 
2020-07-01 20:32:50.581 DEBUG 14888 --- [http-nio-8080-exec-1] z.b.c.c.m.UserMapper.selectByPrimaryKey  : ==> Parameters: 1(Long)
2020-07-01 20:32:50.582 DEBUG 14888 --- [http-nio-8080-exec-1] z.b.c.c.m.UserMapper.selectByPrimaryKey  : <==      Total: 1
2020-07-01 20:32:50.589 DEBUG 14888 --- [http-nio-8080-exec-1] z.b.c.c.m.UserMapper.selectByPrimaryKey  : ==>  Preparing: select ID, ACCOUNT_ID, NAME, TOKEN, GMT_CREATE, GMT_MODIFIED, BIO, AVATAR_URL from USER where ID = ? 
2020-07-01 20:32:50.589 DEBUG 14888 --- [http-nio-8080-exec-1] z.b.c.c.m.UserMapper.selectByPrimaryKey  : ==> Parameters: 1(Long)
2020-07-01 20:32:50.590 DEBUG 14888 --- [http-nio-8080-exec-1] z.b.c.c.m.UserMapper.selectByPrimaryKey  : <==      Total: 1
2020-07-01 20:32:50.590 DEBUG 14888 --- [http-nio-8080-exec-1] z.b.c.c.m.UserMapper.selectByPrimaryKey  : ==>  Preparing: select ID, ACCOUNT_ID, NAME, TOKEN, GMT_CREATE, GMT_MODIFIED, BIO, AVATAR_URL from USER where ID = ? 
2020-07-01 20:32:50.590 DEBUG 14888 --- [http-nio-8080-exec-1] z.b.c.c.m.UserMapper.selectByPrimaryKey  : ==> Parameters: 1(Long)
2020-07-01 20:32:50.590 DEBUG 14888 --- [http-nio-8080-exec-1] z.b.c.c.m.UserMapper.selectByPrimaryKey  : <==      Total: 1
2020-07-01 20:32:50.591 DEBUG 14888 --- [http-nio-8080-exec-1] z.b.c.c.m.UserMapper.selectByPrimaryKey  : ==>  Preparing: select ID, ACCOUNT_ID, NAME, TOKEN, GMT_CREATE, GMT_MODIFIED, BIO, AVATAR_URL from USER where ID = ? 
2020-07-01 20:32:50.591 DEBUG 14888 --- [http-nio-8080-exec-1] z.b.c.c.m.UserMapper.selectByPrimaryKey  : ==> Parameters: 2(Long)
2020-07-01 20:32:50.591 DEBUG 14888 --- [http-nio-8080-exec-1] z.b.c.c.m.UserMapper.selectByPrimaryKey  : <==      Total: 1
2020-07-01 20:32:50.591 DEBUG 14888 --- [http-nio-8080-exec-1] z.b.c.c.m.UserMapper.selectByPrimaryKey  : ==>  Preparing: select ID, ACCOUNT_ID, NAME, TOKEN, GMT_CREATE, GMT_MODIFIED, BIO, AVATAR_URL from USER where ID = ? 
2020-07-01 20:32:50.591 DEBUG 14888 --- [http-nio-8080-exec-1] z.b.c.c.m.UserMapper.selectByPrimaryKey  : ==> Parameters: 2(Long)
2020-07-01 20:32:50.591 DEBUG 14888 --- [http-nio-8080-exec-1] z.b.c.c.m.UserMapper.selectByPrimaryKey  : <==      Total: 1
